<?xml version="1.0" encoding="UTF-8"?>
<testng-results ignored="0" total="2" passed="2" failed="0" skipped="0">
  <reporter-output>
  </reporter-output>
  <suite started-at="2024-12-25T06:08:04 WIB" name="Default suite" finished-at="2024-12-25T06:08:55 WIB" duration-ms="50586">
    <groups>
    </groups>
    <test started-at="2024-12-25T06:08:04 WIB" name="Default test" finished-at="2024-12-25T06:08:55 WIB" duration-ms="50586">
      <class name="folkatech.technicalTestNG">
        <test-method is-config="true" signature="setUp()[pri:0, instance:folkatech.technicalTestNG@1fa121e2]" started-at="2024-12-25T06:08:04 WIB" name="setUp" finished-at="2024-12-25T06:08:04 WIB" duration-ms="311" status="PASS">
          <reporter-output>
          </reporter-output>
        </test-method> <!-- setUp -->
        <test-method is-config="true" signature="setUpTest()[pri:0, instance:folkatech.technicalTestNG@1fa121e2]" started-at="2024-12-25T06:08:04 WIB" name="setUpTest" finished-at="2024-12-25T06:08:12 WIB" duration-ms="8405" status="PASS">
          <reporter-output>
          </reporter-output>
        </test-method> <!-- setUpTest -->
        <test-method signature="testInvalidLogin()[pri:0, instance:folkatech.technicalTestNG@1fa121e2]" started-at="2024-12-25T06:08:12 WIB" name="testInvalidLogin" finished-at="2024-12-25T06:08:19 WIB" duration-ms="6202" status="PASS">
          <reporter-output>
          </reporter-output>
        </test-method> <!-- testInvalidLogin -->
        <test-method signature="testValidLogin()[pri:0, instance:folkatech.technicalTestNG@1fa121e2]" started-at="2024-12-25T06:08:19 WIB" name="testValidLogin" finished-at="2024-12-25T06:08:54 WIB" duration-ms="35497" status="PASS">
          <reporter-output>
          </reporter-output>
        </test-method> <!-- testValidLogin -->
        <test-method is-config="true" signature="tearDownTest()[pri:0, instance:folkatech.technicalTestNG@1fa121e2]" started-at="2024-12-25T06:08:54 WIB" name="tearDownTest" finished-at="2024-12-25T06:08:55 WIB" duration-ms="394" status="PASS">
          <reporter-output>
          </reporter-output>
        </test-method> <!-- tearDownTest -->
        <test-method is-config="true" signature="tearDown()[pri:0, instance:folkatech.technicalTestNG@1fa121e2]" started-at="2024-12-25T06:08:55 WIB" name="tearDown" finished-at="2024-12-25T06:08:55 WIB" duration-ms="721" status="PASS">
          <reporter-output>
          </reporter-output>
        </test-method> <!-- tearDown -->
      </class> <!-- folkatech.technicalTestNG -->
    </test> <!-- Default test -->
  </suite> <!-- Default suite -->
</testng-results>
